This is pdfTeX, Version 3.141592653-2.6-1.40.23 (MiKTeX 21.8) (preloaded format=pdflatex 2021.11.21)  19 DEC 2021 11:00
entering extended mode
**./Final_Paper.tex
(Final_Paper.tex
LaTeX2e <2021-06-01> patch level 1
L3 programming layer <2021-08-27>
(C:\Users\srtul\AppData\Local\Programs\MiKTeX\tex/latex/base\article.cls
Document Class: article 2021/02/12 v1.4n Standard LaTeX document class
(C:\Users\srtul\AppData\Local\Programs\MiKTeX\tex/latex/base\size11.clo
File: size11.clo 2021/02/12 v1.4n Standard LaTeX file (size option)
)
\c@part=\count182
\c@section=\count183
\c@subsection=\count184
\c@subsubsection=\count185
\c@paragraph=\count186
\c@subparagraph=\count187
\c@figure=\count188
\c@table=\count189
\abovecaptionskip=\skip47
\belowcaptionskip=\skip48
\bibindent=\dimen138
)
(C:\Users\srtul\AppData\Local\Programs\MiKTeX\tex/latex/base\latexsym.sty
Package: latexsym 1998/08/17 v2.2e Standard LaTeX package (lasy symbols)
\symlasy=\mathgroup4
LaTeX Font Info:    Overwriting symbol font `lasy' in version `bold'
(Font)                  U/lasy/m/n --> U/lasy/b/n on input line 52.
)
\c@definition=\count190
\c@theorem=\count191
\c@lemma=\count192
\c@property=\count193
\c@observation=\count194
\c@fact=\count195
\c@algX=\count196

(C:\Users\srtul\AppData\Local\Programs\MiKTeX\tex/latex/graphics\graphicx.sty
Package: graphicx 2020/12/05 v1.2c Enhanced LaTeX Graphics (DPC,SPQR)

(C:\Users\srtul\AppData\Local\Programs\MiKTeX\tex/latex/graphics\keyval.sty
Package: keyval 2014/10/28 v1.15 key=value parser (DPC)
\KV@toks@=\toks16
)
(C:\Users\srtul\AppData\Local\Programs\MiKTeX\tex/latex/graphics\graphics.sty
Package: graphics 2021/03/04 v1.4d Standard LaTeX Graphics (DPC,SPQR)

(C:\Users\srtul\AppData\Local\Programs\MiKTeX\tex/latex/graphics\trig.sty
Package: trig 2016/01/03 v1.10 sin cos tan (DPC)
)
(C:\Users\srtul\AppData\Local\Programs\MiKTeX\tex/latex/graphics-cfg\graphics.c
fg
File: graphics.cfg 2016/06/04 v1.11 sample graphics configuration
)
Package graphics Info: Driver file: pdftex.def on input line 107.

(C:\Users\srtul\AppData\Local\Programs\MiKTeX\tex/latex/graphics-def\pdftex.def
File: pdftex.def 2020/10/05 v1.2a Graphics/color driver for pdftex
))
\Gin@req@height=\dimen139
\Gin@req@width=\dimen140
) (C:\Users\srtul\AppData\Local\Programs\MiKTeX\tex/latex/float\float.sty
Package: float 2001/11/08 v1.3d Float enhancements (AL)
\c@float@type=\count197
\float@exts=\toks17
\float@box=\box50
\@float@everytoks=\toks18
\@floatcapt=\box51
)
(C:\Users\srtul\AppData\Local\Programs\MiKTeX\tex/latex/caption\caption.sty
Package: caption 2020/10/26 v3.5g Customizing captions (AR)

(C:\Users\srtul\AppData\Local\Programs\MiKTeX\tex/latex/caption\caption3.sty
Package: caption3 2020/10/21 v2.2e caption3 kernel (AR)
\captionmargin=\dimen141
\captionmargin@=\dimen142
\captionwidth=\dimen143
\caption@tempdima=\dimen144
\caption@indent=\dimen145
\caption@parindent=\dimen146
\caption@hangindent=\dimen147
Package caption Info: Standard document class detected.
)
\c@caption@flags=\count198
\c@continuedfloat=\count199
Package caption Info: float package is loaded.
)
(C:\Users\srtul\AppData\Local\Programs\MiKTeX\tex/latex/caption\subcaption.sty
Package: subcaption 2020/10/07 v1.3j Sub-captions (AR)
\c@subfigure=\count266
\c@subtable=\count267
)
(C:\Users\srtul\AppData\Local\Programs\MiKTeX\tex/latex/l3backend\l3backend-pdf
tex.def
File: l3backend-pdftex.def 2021-08-04 L3 backend support: PDF output (pdfTeX)
\l__color_backend_stack_int=\count268
\l__pdf_internal_box=\box52
) (Final_Paper.aux)
\openout1 = `Final_Paper.aux'.

LaTeX Font Info:    Checking defaults for OML/cmm/m/it on input line 51.
LaTeX Font Info:    ... okay on input line 51.
LaTeX Font Info:    Checking defaults for OMS/cmsy/m/n on input line 51.
LaTeX Font Info:    ... okay on input line 51.
LaTeX Font Info:    Checking defaults for OT1/cmr/m/n on input line 51.
LaTeX Font Info:    ... okay on input line 51.
LaTeX Font Info:    Checking defaults for T1/cmr/m/n on input line 51.
LaTeX Font Info:    ... okay on input line 51.
LaTeX Font Info:    Checking defaults for TS1/cmr/m/n on input line 51.
LaTeX Font Info:    ... okay on input line 51.
LaTeX Font Info:    Checking defaults for OMX/cmex/m/n on input line 51.
LaTeX Font Info:    ... okay on input line 51.
LaTeX Font Info:    Checking defaults for U/cmr/m/n on input line 51.
LaTeX Font Info:    ... okay on input line 51.

(C:\Users\srtul\AppData\Local\Programs\MiKTeX\tex/context/base/mkii\supp-pdf.mk
ii
[Loading MPS to PDF converter (version 2006.09.02).]
\scratchcounter=\count269
\scratchdimen=\dimen148
\scratchbox=\box53
\nofMPsegments=\count270
\nofMParguments=\count271
\everyMPshowfont=\toks19
\MPscratchCnt=\count272
\MPscratchDim=\dimen149
\MPnumerator=\count273
\makeMPintoPDFobject=\count274
\everyMPtoPDFconversion=\toks20
)
(C:\Users\srtul\AppData\Local\Programs\MiKTeX\tex/latex/epstopdf-pkg\epstopdf-b
ase.sty
Package: epstopdf-base 2020-01-24 v2.11 Base part for package epstopdf
Package epstopdf-base Info: Redefining graphics rule for `.eps' on input line 4
85.

(C:\Users\srtul\AppData\Local\Programs\MiKTeX\tex/latex/00miktex\epstopdf-sys.c
fg
File: epstopdf-sys.cfg 2021/03/18 v2.0 Configuration of epstopdf for MiKTeX
))
Package caption Info: Begin \AtBeginDocument code.
Package caption Info: End \AtBeginDocument code.
LaTeX Font Info:    External font `cmex10' loaded for size
(Font)              <12> on input line 74.
LaTeX Font Info:    External font `cmex10' loaded for size
(Font)              <8> on input line 74.
LaTeX Font Info:    External font `cmex10' loaded for size
(Font)              <6> on input line 74.
LaTeX Font Info:    Trying to load font information for U+lasy on input line 74
.
 (C:\Users\srtul\AppData\Local\Programs\MiKTeX\tex/latex/base\ulasy.fd
File: ulasy.fd 1998/08/17 v2.2e LaTeX symbol font definitions
)
Overfull \hbox (1.6025pt too wide) in paragraph at lines 88--89
\OT1/cmr/m/n/10.95 battery-powered. The cur-rent bat-tery tech-nol-ogy is the m
ost sig-nif-i-cant hand-i-cap of portable
 []


Underfull \hbox (badness 10000) in paragraph at lines 97--98

 []

[1

{C:/Users/srtul/AppData/Local/MiKTeX/pdftex/config/pdftex.map}]
Underfull \hbox (badness 10000) in paragraph at lines 99--100

 []

LaTeX Font Info:    External font `cmex10' loaded for size
(Font)              <10.95> on input line 103.

Underfull \hbox (badness 10000) in paragraph at lines 120--121

 []

<Figures/figure.png, id=11, 618.05907pt x 374.90062pt>
File: Figures/figure.png Graphic file (type png)
<use Figures/figure.png>
Package pdftex.def Info: Figures/figure.png  used on input line 122.
(pdftex.def)             Requested size: 289.07999pt x 175.35667pt.
[2]
<Figures/figure2.png, id=16, 1282.7925pt x 620.3175pt>
File: Figures/figure2.png Graphic file (type png)
<use Figures/figure2.png>
Package pdftex.def Info: Figures/figure2.png  used on input line 134.
(pdftex.def)             Requested size: 289.07999pt x 139.78311pt.
 [3 <./Figures/figure.png> <./Figures/figure2.png>]
<Figures/unikraftboot.png, id=22, 893.13675pt x 472.76625pt>
File: Figures/unikraftboot.png Graphic file (type png)
<use Figures/unikraftboot.png>
Package pdftex.def Info: Figures/unikraftboot.png  used on input line 159.
(pdftex.def)             Requested size: 289.07999pt x 153.0196pt.
<Figures/wolinux.jpg, id=23, 824.32968pt x 606.01407pt>
File: Figures/wolinux.jpg Graphic file (type jpg)
<use Figures/wolinux.jpg>
Package pdftex.def Info: Figures/wolinux.jpg  used on input line 160.
(pdftex.def)             Requested size: 289.07999pt x 212.51497pt.
<Figures/wlinux.jpg, id=24, 824.32968pt x 606.01407pt>
File: Figures/wlinux.jpg Graphic file (type jpg)
<use Figures/wlinux.jpg>
Package pdftex.def Info: Figures/wlinux.jpg  used on input line 162.
(pdftex.def)             Requested size: 289.07999pt x 212.51497pt.
<Figures/12.png, id=25, 902.6222pt x 736.25063pt>
File: Figures/12.png Graphic file (type png)
<use Figures/12.png>
Package pdftex.def Info: Figures/12.png  used on input line 167.
(pdftex.def)             Requested size: 368.57964pt x 300.65141pt.
 [4 <./Figures/unikraftboot.png>] [5 <./Figures/wolinux.jpg>] [6 <./Figures/wli
nux.jpg>] [7 <./Figures/12.png>] (Final_Paper.bbl
Underfull \hbox (badness 10000) in paragraph at lines 11--14
[]\OT1/cmr/m/n/10.95 Fredrik Bakken.  Python flask on unikraft, Sep 2021 avail-
able at
 []


Underfull \hbox (badness 10000) in paragraph at lines 48--52
[]\OT1/cmr/m/n/10.95 HermitCore.  lib-her-mit.  \OT1/cmr/m/it/10.95 GitHub repo
s-i-tory\OT1/cmr/m/n/10.95 , 2017, avail-able at
 []

[8]
Underfull \hbox (badness 10000) in paragraph at lines 67--71
[]\OT1/cmr/m/n/10.95 C. I. King.  pow-er-stat.  \OT1/cmr/m/it/10.95 GitHub repo
s-i-tory\OT1/cmr/m/n/10.95 , 2013, avail-able at
 []


Underfull \hbox (badness 10000) in paragraph at lines 81--85
[]\OT1/cmr/m/n/10.95 G. Lon-gree.  uniker-nels.  \OT1/cmr/m/it/10.95 GitHub rep
os-i-tory\OT1/cmr/m/n/10.95 , 2018, avail-able at
 []


Underfull \hbox (badness 10000) in paragraph at lines 87--91
[]\OT1/cmr/m/n/10.95 MirageOS.  mi-rage.  \OT1/cmr/m/it/10.95 GitHub repos-i-to
ry\OT1/cmr/m/n/10.95 , 2013, avail-able at
 []


Underfull \hbox (badness 10000) in paragraph at lines 107--111
[]\OT1/cmr/m/n/10.95 RIKEN-SysSoft.  mck-er-nel.  \OT1/cmr/m/it/10.95 GitHub re
pos-i-tory\OT1/cmr/m/n/10.95 , 2018, avail-able at
 []


Underfull \hbox (badness 4582) in paragraph at lines 122--126
[]\OT1/cmr/m/n/10.95 Operating sys-tems lab.  Aza-lea.  \OT1/cmr/m/it/10.95 Git
Hub repos-i-tory\OT1/cmr/m/n/10.95 , 2018, avail-able at
 []


Underfull \hbox (badness 10000) in paragraph at lines 133--137
[]\OT1/cmr/m/n/10.95 A. V. D. Ven.  pow-er-top.  \OT1/cmr/m/it/10.95 GitHub rep
os-i-tory\OT1/cmr/m/n/10.95 , 2010, avail-able at
 []

) [9] (Final_Paper.aux) ) 
Here is how much of TeX's memory you used:
 2765 strings out of 478927
 47778 string characters out of 2852534
 347844 words of memory out of 3000000
 20627 multiletter control sequences out of 15000+600000
 410026 words of font info for 51 fonts, out of 8000000 for 9000
 1141 hyphenation exceptions out of 8191
 57i,9n,66p,1526b,359s stack positions out of 5000i,500n,10000p,200000b,80000s
<C:/Users/srtul/AppData/Local/Programs/MiKTeX/fonts/ty
pe1/public/amsfonts/cm/cmbx10.pfb><C:/Users/srtul/AppData/Local/Programs/MiKTeX
/fonts/type1/public/amsfonts/cm/cmbx12.pfb><C:/Users/srtul/AppData/Local/Progra
ms/MiKTeX/fonts/type1/public/amsfonts/cm/cmr10.pfb><C:/Users/srtul/AppData/Loca
l/Programs/MiKTeX/fonts/type1/public/amsfonts/cm/cmr12.pfb><C:/Users/srtul/AppD
ata/Local/Programs/MiKTeX/fonts/type1/public/amsfonts/cm/cmr17.pfb><C:/Users/sr
tul/AppData/Local/Programs/MiKTeX/fonts/type1/public/amsfonts/cm/cmti10.pfb><C:
/Users/srtul/AppData/Local/Programs/MiKTeX/fonts/type1/public/amsfonts/cm/cmti1
2.pfb>
Output written on Final_Paper.pdf (9 pages, 853701 bytes).
PDF statistics:
 78 PDF objects out of 1000 (max. 8388607)
 0 named destinations out of 1000 (max. 500000)
 31 words of extra memory for PDF output out of 10000 (max. 10000000)

